<?xml version="1.0" encoding="UTF-8"?>
<testsuite name="com.aj.blogapp.users.UserServiceTests" tests="1" skipped="0" failures="0" errors="0" timestamp="2024-06-10T12:47:41" hostname="bandaru-ideacentre-300S-11ISH" time="0.005">
  <properties/>
  <testcase name="can_create_users()" classname="com.aj.blogapp.users.UserServiceTests" time="0.005"/>
  <system-out><![CDATA[2024-06-10T18:17:41.417+05:30  INFO 87666 --- [    Test worker] t.c.s.AnnotationConfigContextLoaderUtils : Could not detect default configuration classes for test class [com.aj.blogapp.users.UserServiceTests]: UserServiceTests does not declare any static, non-private, non-final, nested classes annotated with @Configuration.
2024-06-10T18:17:41.419+05:30  INFO 87666 --- [    Test worker] .b.t.c.SpringBootTestContextBootstrapper : Found @SpringBootConfiguration com.aj.blogapp.BlogAppApplication for test class com.aj.blogapp.users.UserServiceTests
]]></system-out>
  <system-err><![CDATA[]]></system-err>
</testsuite>
